c:\users\michael work\desktop\graphics i\exercises\polygon transformations\rasteriser\x64\debug\vc141.pdb
c:\users\michael work\desktop\graphics i\exercises\polygon transformations\rasteriser\x64\debug\vc141.idb
c:\users\michael work\desktop\graphics i\exercises\polygon transformations\rasteriser\x64\debug\vertex.obj
c:\users\michael work\desktop\graphics i\exercises\polygon transformations\rasteriser\x64\debug\vector3d.obj
c:\users\michael work\desktop\graphics i\exercises\polygon transformations\rasteriser\x64\debug\rasteriser.obj
c:\users\michael work\desktop\graphics i\exercises\polygon transformations\rasteriser\x64\debug\polygon3d.obj
c:\users\michael work\desktop\graphics i\exercises\polygon transformations\rasteriser\x64\debug\model.obj
c:\users\michael work\desktop\graphics i\exercises\polygon transformations\rasteriser\x64\debug\md2loader.obj
c:\users\michael work\desktop\graphics i\exercises\polygon transformations\rasteriser\x64\debug\matrix.obj
c:\users\michael work\desktop\graphics i\exercises\polygon transformations\rasteriser\x64\debug\framework.obj
c:\users\michael work\desktop\graphics i\exercises\polygon transformations\rasteriser\x64\debug\camera.obj
c:\users\michael work\desktop\graphics i\exercises\polygon transformations\rasteriser\x64\debug\bitmap.obj
c:\users\michael work\desktop\new folder\source\rasteriser\x64\debug\vc141.pdb
c:\users\michael work\desktop\new folder\source\rasteriser\x64\debug\vc141.idb
c:\users\michael work\desktop\new folder\source\rasteriser\x64\debug\vertex.obj
c:\users\michael work\desktop\new folder\source\rasteriser\x64\debug\vector3d.obj
c:\users\michael work\desktop\new folder\source\rasteriser\x64\debug\rasteriser.obj
c:\users\michael work\desktop\new folder\source\rasteriser\x64\debug\polygon3d.obj
c:\users\michael work\desktop\new folder\source\rasteriser\x64\debug\model.obj
c:\users\michael work\desktop\new folder\source\rasteriser\x64\debug\md2loader.obj
c:\users\michael work\desktop\new folder\source\rasteriser\x64\debug\matrix.obj
c:\users\michael work\desktop\new folder\source\rasteriser\x64\debug\framework.obj
c:\users\michael work\desktop\new folder\source\rasteriser\x64\debug\camera.obj
c:\users\michael work\desktop\new folder\source\rasteriser\x64\debug\bitmap.obj
c:\users\michael work\desktop\graphics i\exercises\polygon transformations\x64\debug\rasteriser.exe
c:\users\michael work\desktop\graphics i\exercises\polygon transformations\x64\debug\rasteriser.ilk
c:\users\michael work\desktop\graphics i\exercises\polygon transformations\x64\debug\rasteriser.pdb
c:\users\michael work\desktop\new folder\source\x64\debug\rasteriser.exe
c:\users\michael work\desktop\new folder\source\x64\debug\rasteriser.ilk
c:\users\michael work\desktop\new folder\source\x64\debug\rasteriser.pdb
c:\users\michael work\desktop\graphics i\exercises\polygon transformations\rasteriser\x64\debug\rasteriser.res
c:\users\michael work\desktop\new folder\source\rasteriser\x64\debug\rasteriser.res
c:\users\michael work\desktop\new folder\source\rasteriser\x64\debug\rasteriser.tlog\cl.command.1.tlog
c:\users\michael work\desktop\new folder\source\rasteriser\x64\debug\rasteriser.tlog\cl.read.1.tlog
c:\users\michael work\desktop\new folder\source\rasteriser\x64\debug\rasteriser.tlog\cl.write.1.tlog
c:\users\michael work\desktop\new folder\source\rasteriser\x64\debug\rasteriser.tlog\link.command.1.tlog
c:\users\michael work\desktop\new folder\source\rasteriser\x64\debug\rasteriser.tlog\link.read.1.tlog
c:\users\michael work\desktop\new folder\source\rasteriser\x64\debug\rasteriser.tlog\link.write.1.tlog
c:\users\michael work\desktop\new folder\source\rasteriser\x64\debug\rasteriser.tlog\rc.command.1.tlog
c:\users\michael work\desktop\new folder\source\rasteriser\x64\debug\rasteriser.tlog\rc.read.1.tlog
c:\users\michael work\desktop\new folder\source\rasteriser\x64\debug\rasteriser.tlog\rc.write.1.tlog
